<?xml version="1.0" encoding="UTF-8"?>
<testsuite xmlns:xsi="http://www.w3.org/2001/XMLSchema-instance" xsi:noNamespaceSchemaLocation="https://maven.apache.org/surefire/maven-surefire-plugin/xsd/surefire-test-report.xsd" name="TestSuite" time="3.581" tests="1" errors="0" skipped="0" failures="0">
  <properties>
[...]
</properties>
  <testcase name="getAllArticleByUserID on getAllArticleByUserID(top.wanda92632.blog.dao.TestArticle)" classname="top.wanda92632.blog.dao.TestArticle" time="0.607"/>
</testsuite>